ngdbuild -p xc3020a-7-pc68 -uc ev03.ucf -dd .. c:\xilinx\active\projects\ev03\ev03.edn ev03.ngd
Release 3.3.06i_V2_SE2 - ngdbuild D.19
Copyright (c) 1995-2000 Xilinx, Inc.  All rights reserved.

Command Line: ngdbuild -p xc3020a-7-pc68 -uc ev03.ucf -dd ..
c:\xilinx\active\projects\ev03\ev03.edn ev03.ngd 

Launcher: Executing edif2ngd "c:\xilinx\active\projects\ev03\ev03.edn"
"C:\Xilinx\active\projects\ev03\xproj\ver1\ev03.ngo"
Release 3.3.06i_V2_SE2 - edif2ngd D.19
Copyright (c) 1995-2000 Xilinx, Inc.  All rights reserved.
Writing the design to "C:/Xilinx/active/projects/ev03/xproj/ver1/ev03.ngo"...
Reading NGO file "C:/Xilinx/active/projects/ev03/xproj/ver1/ev03.ngo" ...
Reading component libraries for design expansion...

Annotating constraints to design from file "ev03.ucf" ...

Checking timing specifications ...

Checking expanded design ...
WARNING:NgdBuild:479 - The input pad net '$Net00001_' driving one or more clock
   loads should only use a dedicated clock buffer. This could result in large
   clock skews on this net.

NGDBUILD Design Results Summary:
  Number of errors:     0
  Number of warnings:   1

Writing NGD file "ev03.ngd" ...

Writing NGDBUILD log file "ev03.bld"...

NGDBUILD done.

==================================================

map -p xc3020a-7-pc68 -o map.ncd ev03.ngd ev03.pcf
Release 3.3.06i_V2_SE2 - Map D.19
Copyright (c) 1995-2000 Xilinx, Inc.  All rights reserved.
Reading NGD file "ev03.ngd"...
Using target part "3020apc68-7".
MAP XC3000A command-line options:
   Partname = "xc3020a-7-pc68".
   Covermode = "area".
   Register Ordering: ENABLED
   Pack Unrelated Logic into CLBs targeting 97% of CLB resources.
   Process the file:  ev03.ngd.
Processing logical timing constraints...
Processing global clock buffers...
Verifying CLBMAPs...
Removing unused logic...
Processing CLBMAPs...
Optimizing...
Running physical design DRC...

Design Summary:
   Number of errors:        0
   Number of warnings:      0
   Number of CLBs:              6 out of    64    9%
      CLB Flip Flops:       3
   Number of bonded IOBs:      12 out of    58   20%
      IOB Flip Flops:       0
      IOB Latches:          0
Writing design file "map.ncd"...

Removed Logic Summary:
   6 block(s) removed
   2 block(s) optimized away
   6 signal(s) removed

Mapping completed.
See MAP report file "map.mrp" for details.

==================================================

par  -w -ol 3 -d 0 map.ncd ev03.ncd ev03.pcf
Release 3.3.06i_V2_SE2 - Par D.19
Copyright (c) 1995-2000 Xilinx, Inc.  All rights reserved.




Constraints file: ev03.pcf

Loading device database for application par from file "map.ncd".
   "ev03" is an NCD, version 2.32, device xc3020a, package pc68, speed -7
Loading device for application par from file '3020a.nph' in environment
C:/Xilinx.
Device speed data version:  C  .


Resolving physical constraints.
Finished resolving physical constraints.

Device utilization summary:

   Number of External IOBs            12 out of 58     20%

   Number of CLBs                      6 out of 64      9%




Overall effort level (-ol):   3 (set by user)
Placer effort level (-pl):    4 (set by user)
Placer cost table entry (-t): 1
Router effort level (-rl):    3 (set by user)

Starting initial Placement phase.  REAL time: 2 secs 
Finished initial Placement phase.  REAL time: 2 secs 

Starting Constructive Placer.  REAL time: 2 secs 
Placer score = 4525
Placer score = 4050
Placer score = 3244
Placer score = 3091
Placer score = 2509
Placer score = 2144
Finished Constructive Placer.  REAL time: 16 secs 

Writing design to file "ev03.ncd".

Starting Optimizing Placer.  REAL time: 16 secs 
Optimizing  
Swapped 8 comps.
Xilinx Placer [1]   1924   REAL time: 16 secs 
Finished Optimizing Placer.  REAL time: 16 secs 

Writing design to file "ev03.ncd".

Total REAL time to Placer completion: 16 secs 
Total CPU time to Placer completion: 15 secs 

0 connection(s) routed; 25 unrouted active, 4 unrouted PWR/GND.
Starting router resource preassignment
Completed router resource preassignment. REAL time: 16 secs 
Starting iterative routing. 
Routing active signals.
End of iteration 1 
25 successful; 0 unrouted active,
   4 unrouted PWR/GND; (0) REAL time: 16 secs 
End of iteration 2 
25 successful; 0 unrouted active,
   4 unrouted PWR/GND; (0) REAL time: 16 secs 
Constraints are met. 
Routing PWR/GND nets.
Power and ground nets completely routed. 
Writing design to file "ev03.ncd".
Starting cleanup 
Improving routing.
End of cleanup iteration 1 
29 successful; 0 unrouted; (0) REAL time: 17 secs 
Writing design to file "ev03.ncd".
Total REAL time: 17 secs 
Total CPU  time: 16 secs 
End of route.  29 routed (100.00%); 0 unrouted.
No errors found. 
Completely routed. 

This design was run without timing constraints.  It is likely that much better
circuit performance can be obtained by trying either or both of the following:

  - Enabling the Delay Based Cleanup router pass, if not already enabled
  - Supplying timing constraints in the input design


Total REAL time to Router completion: 17 secs 
Total CPU time to Router completion: 16 secs 

Generating PAR statistics.
Writing design to file "ev03.ncd".


All signals are completely routed.

Total REAL time to PAR completion: 17 secs 
Total CPU time to PAR completion: 16 secs 

Placement: Completed - No errors found.
Routing: Completed - No errors found.

PAR done.

==================================================

trce ev03.ncd ev03.pcf -e 3  -o ev03.twr 
Release 3.3.06i_V2_SE2 - Trace D.19
Copyright (c) 1995-2000 Xilinx, Inc.  All rights reserved.



Loading device database for application trce from file "ev03.ncd".
   "ev03" is an NCD, version 2.32, device xc3020a, package pc68, speed -7
Loading device for application trce from file '3020a.nph' in environment
C:/Xilinx.
--------------------------------------------------------------------------------
Xilinx TRACE, Version D.19
Copyright (c) 1995-2000 Xilinx, Inc.  All rights reserved.

trce ev03.ncd ev03.pcf -e 3 -o ev03.twr

Design file:              ev03.ncd
Physical constraint file: ev03.pcf
Device,speed:             xc3020a,-7 (C  )
Report level:             error report
--------------------------------------------------------------------------------

WARNING:Timing:2491 - No timing constraints found, doing default enumeration.


Timing summary:
---------------

Timing errors: 0  Score: 0

Constraints cover 32 paths, 15 nets, and 25 connections (100.0% coverage)

Design statistics:
   Minimum period:  20.117ns (Maximum frequency:  49.709MHz)
   Maximum combinational path delay:  35.210ns
   Maximum net delay:   7.730ns


Analysis completed Fri Mar 30 16:43:38 2001
--------------------------------------------------------------------------------

Total time: 0 secs 

==================================================

ngdanno ev03.ncd map.ngm 
Release 3.3.06i_V2_SE2 - ngdanno D.19
Copyright (c) 1995-2000 Xilinx, Inc.  All rights reserved.

Loading device database for application ngdanno from file "ev03.ncd".
   "ev03" is an NCD, version 2.32, device xc3020a, package pc68, speed -7
Loading device for application ngdanno from file '3020a.nph' in environment
C:/Xilinx.
Reading .ngm file "map.ngm"...
Building NGA image...
Annotating NGA image...
Distributing delays...
WARNING:Anno:152 - default voltage/temp values not available in speed file. 
   Using ngdanno defaults of 4.75V and  85C.
Resolving logical and physical hierarchies...
Running NGD DRC...
Writing .nga file "ev03.nga"...
   18 logical models annotated

==================================================

ngd2edif -w -v fndtn ev03.nga time_sim.edn
Release 3.3.06i_V2_SE2 - ngd2edif D.19
Copyright (c) 1995-2000 Xilinx, Inc.  All rights reserved.
   writing only delay properties to EDIF file
   dedicated signals will be given global scope
   writing  EDIF file to 'time_sim.edn' ...

==================================================

xcpy time_sim.edn c:\xilinx\active\projects\ev03\time_sim.edn

==================================================

bitgen ev03.ncd -t -a -u  -l -w -f bitgen.ut
Release 3.3.06i_V2_SE2 - Bitgen D.19
Copyright (c) 1995-2000 Xilinx, Inc.  All rights reserved.

Loading device database for application Bitgen from file "ev03.ncd".
   "ev03" is an NCD, version 2.32, device xc3020a, package pc68, speed -7
Loading device for application Bitgen from file '3020a.nph' in environment
C:/Xilinx.
Opened constraints file ev03.pcf.

Fri Mar 30 16:43:47 2001

Running DRC.
DRC detected 0 errors and 0 warnings.
Saving ll file in "ev03.ll".

Tying down design ev03.ncd.
Creating tie sources.
   Original design signals: 30
   Original signals added to source list: 15
   New signals created: 178
   New signals added to source list: 178
   Total signals in source list: 193
Creating tie targets.
   Total nodes: 2474
   Unused nodes: 2212
   Nodes in target list: 1564
Tying down target nodes.
   Tied 810 nodes to signal $TIE_GA_X.
   Tied 123 nodes to signal $TIE_FA_X.
   Tied 122 nodes to signal $TIE_EA_X.
   Tied 1 nodes to signal $TIE_EA_Y.
   Tied 120 nodes to signal $TIE_DA_X.
   Tied 114 nodes to signal $TIE_CA_X.
   Tied 15 nodes to signal $TIE_BA_X.
   Tied 6 nodes to signal $TIE_BA_Y.
   Tied 23 nodes to signal $TIE_AA_X.
   Tied 11 nodes to signal $TIE_AA_Y.
   Tied 1 nodes to signal $TIE_CB_Y.
   Tied 13 nodes to signal $TIE_AB_X.
   Tied 6 nodes to signal $TIE_AB_Y.
   Tied 2 nodes to signal $TIE_BC_X.
   Tied 4 nodes to signal $TIE_BC_Y.
   Tied 6 nodes to signal $TIE_AC_X.
   Tied 9 nodes to signal $TIE_AC_Y.
   Tied 1 nodes to signal $TIE_CD_Y.
   Tied 1 nodes to signal $TIE_CE_Y.
   Tied 34 nodes to signal $TIE_AE_X.
   Tied 9 nodes to signal $TIE_AE_Y.
   Tied 19 nodes to signal $TIE_AF_X.
   Tied 5 nodes to signal $TIE_AF_Y.
   Tied 17 nodes to signal $TIE_AG_X.
   Tied 12 nodes to signal $TIE_AG_Y.
   Tied 1 nodes to signal $TIE_DH_X.
   Tied 2 nodes to signal $TIE_CH_X.
   Tied 2 nodes to signal $TIE_BH_X.
   Tied 2 nodes to signal $TIE_AH_X.
   Tied 1 nodes to signal $TIE_AH_Y.
   Tied 1 nodes to signal $TIE_P30_Q.
   Tied 1 nodes to signal $TIE_P37_Q.
   Tied 2 nodes to signal $TIE_P62_Q.
   Tied 1 nodes to signal $TIE_P61_Q.
   Tied 9 nodes to signal $TIE_GCLK_O.
   Tied 4 nodes to signal $Net00003_.
   Tied 1 nodes to signal $Net00011_.
   Tied 1 nodes to signal $Net00009_.
   Tied 1 nodes to signal $Net00025_.
   Tied 1 nodes to signal $Net00005_.
   Tied 2 nodes to signal $Net00029_.
   Tied 1 nodes to signal $Net00023_.
   Tied 2 nodes to signal $Net00035_.
   Tied 1 nodes to signal GLOBAL_LOGIC0_0.
   Tied 1 nodes to signal $TIE_GA_X.
   Tied 1 nodes to signal $TIE_DA_X.
   Tied 1 nodes to signal $TIE_GA_X.
   Tied 1 nodes to signal $Net00025_.
   Tied 1 nodes to signal $TIE_FA_X.
   Tied 1 nodes to signal $TIE_CA_X.
   Tied 1 nodes to signal $TIE_GA_X.
   Tied 1 nodes to signal $TIE_EA_X.
   Tied 1 nodes to signal $TIE_GA_X.
   Tied 1 nodes to signal $TIE_DA_X.
   Tied 1 nodes to signal $TIE_AA_X.
   Tied 1 nodes to signal $TIE_FA_X.
   Tied 1 nodes to signal $TIE_GA_X.
   Tied 1 nodes to signal $TIE_EA_X.
   Tied 1 nodes to signal $TIE_GA_X.
   Tied 1 nodes to signal $TIE_DA_X.
   Tied 1 nodes to signal $TIE_GA_X.
   Tied 1 nodes to signal $TIE_FA_X.
   Tied 1 nodes to signal $TIE_AC_Y.
   Tied 1 nodes to signal $TIE_GA_X.
   Tied 1 nodes to signal $TIE_EA_X.
   Tied 1 nodes to signal $TIE_AC_X.
   Tied 1 nodes to signal $TIE_GA_X.
   Tied 1 nodes to signal $TIE_DA_X.
   Tied 1 nodes to signal $TIE_AC_Y.
   Tied 1 nodes to signal $TIE_FA_X.
   Tied 1 nodes to signal $TIE_CA_X.
   Tied 1 nodes to signal $TIE_GA_X.
   Tied 1 nodes to signal $TIE_EA_X.
   Tied 1 nodes to signal $TIE_GA_X.
   Tied 1 nodes to signal $TIE_DA_X.
   Tied 1 nodes to signal $TIE_GA_X.
   Tied 1 nodes to signal $TIE_FA_X.
   Tied 1 nodes to signal $TIE_AF_X.
   Tied 1 nodes to signal $TIE_GA_X.
   Tied 1 nodes to signal $TIE_EA_X.
   Tied 1 nodes to signal $TIE_GA_X.
   Tied 1 nodes to signal $TIE_DA_X.
   Tied 2 nodes to signal $TIE_AF_Y.
   Tied 1 nodes to signal $TIE_GA_X.
   Tied 1 nodes to signal $TIE_EA_X.
   Tied 1 nodes to signal $TIE_GA_X.
   Tied 1 nodes to signal $TIE_DA_X.
Tiedown complete. 0 untied nodes.
Fixing up iob clocks...Done.
Creating bit map...
Saving bit stream in "ev03.bit".

==================================================

xcpy ev03.bit c:\xilinx\active\projects\ev03\ev03.bit

==================================================

xcpy ev03.ll c:\xilinx\active\projects\ev03\ev03.ll
